/Users/nick/Documents/Repositories/projects/trakbridge/venv/lib/python3.12/site-packages/pytak/client_functions.py:367: UserWarning: Disabled TLS Server Common Name Verification
  warnings.warn("Disabled TLS Server Common Name Verification")
/Users/nick/Documents/Repositories/projects/trakbridge/venv/lib/python3.12/site-packages/pytak/client_functions.py:372: UserWarning: Disabled TLS Server Certificate Verification
  warnings.warn("Disabled TLS Server Certificate Verification")
2025-09-01 09:41:09,081 [INFO] TrakBridge-1.0.0-rc.3 app: Enhanced logging configured - Version: 1.0.0-rc.3
2025-09-01 09:41:09,081 [INFO] TrakBridge-1.0.0-rc.3 app: Worker process initialized - PID: 46122
2025-09-01 09:41:09,081 [DEBUG] TrakBridge-1.0.0-rc.3 app: Application: TrakBridge 1.0.0-rc.3+2a8f3ac6.dirty.dev14 (branch: main, commit: 2a8f3ac6, dirty)
2025-09-01 09:41:09,105 [INFO] TrakBridge-1.0.0-rc.3 main: Startup thread initiated for PID 46122
INFO  [alembic.runtime.migration] Context impl SQLiteImpl.
INFO  [alembic.runtime.migration] Will assume non-transactional DDL.
INFO  [alembic.runtime.migration] Context impl SQLiteImpl.
INFO  [alembic.runtime.migration] Will assume non-transactional DDL.
Secrets path: /run/secrets
Path exists: False
add_callsign_mapping_tables (head)
 * Serving Flask app 'app'
 * Debug mode: off
INFO  [werkzeug] [31m[1mWARNING: This is a development server. Do not use it in a production deployment. Use a production WSGI server instead.[0m
 * Running on http://127.0.0.1:8080
INFO  [werkzeug] [33mPress CTRL+C to quit[0m
INFO  [alembic.runtime.migration] Context impl SQLiteImpl.
INFO  [alembic.runtime.migration] Will assume non-transactional DDL.
INFO  [werkzeug] 127.0.0.1 - - [01/Sep/2025 09:42:49] "[33mGET /api/streams HTTP/1.1[0m" 404 -
